10:51:24 INFO  : Launching XSCT server: xsct -n  -interactive /home/bhashini/Desktop/Zynq_Selftest_new/2025_01_30/vitis_test_with_original_xsa/temp_xsdb_launch_script.tcl
10:51:25 INFO  : Registering command handlers for Vitis TCF services
10:51:26 INFO  : Platform repository initialization has completed.
10:51:26 INFO  : XSCT server has started successfully.
10:51:26 INFO  : Successfully done setting XSCT server connection channel  
10:51:26 INFO  : plnx-install-location is set to ''
10:51:26 INFO  : Successfully done setting workspace for the tool. 
10:51:26 INFO  : Successfully done query RDI_DATADIR 
10:51:46 INFO  : Platform 'design_1_wrapper_010200_1' is added to custom repositories.
10:52:24 INFO  : Hardware specification for platform project 'design_1_wrapper_010200_1' is updated.
10:52:35 INFO  : Successfully done sdx_reload_mss "/home/bhashini/Desktop/Zynq_Selftest_new/2025_01_30/vitis_test_with_original_xsa/design_1_wrapper_010200_1/zynqmp_fsbl/zynqmp_fsbl_bsp/system.mss"
10:52:40 INFO  : (SwPlatform) Successfully done update_mss 
10:52:40 INFO  : No changes in MSS file content so sources will not be generated.
10:52:42 INFO  : Successfully done sdx_reload_mss "/home/bhashini/Desktop/Zynq_Selftest_new/2025_01_30/vitis_test_with_original_xsa/design_1_wrapper_010200_1/psu_cortexa53_0/domain_psu_cortexa53_0/bsp/system.mss"
10:52:49 INFO  : (SwPlatform) Successfully done update_mss 
10:52:49 INFO  : No changes in MSS file content so sources will not be generated.
10:53:29 INFO  : Successfully done sdx_reload_mss "/home/bhashini/Desktop/Zynq_Selftest_new/2025_01_30/vitis_test_with_original_xsa/design_1_wrapper_010200_1/zynqmp_pmufw/zynqmp_pmufw_bsp/system.mss"
10:53:34 INFO  : (SwPlatform) Successfully done update_mss 
10:53:34 INFO  : No changes in MSS file content so sources will not be generated.
10:55:05 INFO  : Result from executing command 'getProjects': design_1_wrapper_010200_1
10:55:05 INFO  : Result from executing command 'getPlatforms': design_1_wrapper_010200_1|/home/bhashini/Desktop/Zynq_Selftest_new/2025_01_30/vitis_test_with_original_xsa/design_1_wrapper_010200_1/export/design_1_wrapper_010200_1/design_1_wrapper_010200_1.xpfm
10:55:24 INFO  : Checking for BSP changes to sync application flags for project 'fsbl_for_vivado_flash'...
10:55:24 INFO  : Updating application flags with new BSP settings...
10:55:25 INFO  : Successfully updated application flags for project fsbl_for_vivado_flash.
10:55:29 INFO  : The hardware specfication used by project 'fsbl_for_vivado_flash' is out of sync with the platform. Resource files extracted from the hardware specfiication will be updated.
10:55:29 INFO  : The updated bitstream files are copied from platform to folder '/home/bhashini/Desktop/Zynq_Selftest_new/2025_01_30/vitis_test_with_original_xsa/fsbl_for_vivado_flash/_ide/bitstream' in project 'fsbl_for_vivado_flash'.
10:55:29 INFO  : The updated ps init files are copied from platform to folder '/home/bhashini/Desktop/Zynq_Selftest_new/2025_01_30/vitis_test_with_original_xsa/fsbl_for_vivado_flash/_ide/psinit' in project 'fsbl_for_vivado_flash'.
10:55:45 INFO  : Checking for BSP changes to sync application flags for project 'fsbl_sw_upgrade_010100'...
10:55:45 INFO  : Updating application flags with new BSP settings...
10:55:45 INFO  : Successfully updated application flags for project fsbl_sw_upgrade_010100.
10:55:49 INFO  : The hardware specfication used by project 'fsbl_sw_upgrade_010100' is out of sync with the platform. Resource files extracted from the hardware specfiication will be updated.
10:55:49 INFO  : The updated bitstream files are copied from platform to folder '/home/bhashini/Desktop/Zynq_Selftest_new/2025_01_30/vitis_test_with_original_xsa/fsbl_sw_upgrade_010100/_ide/bitstream' in project 'fsbl_sw_upgrade_010100'.
10:55:50 INFO  : The updated ps init files are copied from platform to folder '/home/bhashini/Desktop/Zynq_Selftest_new/2025_01_30/vitis_test_with_original_xsa/fsbl_sw_upgrade_010100/_ide/psinit' in project 'fsbl_sw_upgrade_010100'.
10:56:15 INFO  : Checking for BSP changes to sync application flags for project 'fsbl_sw_upgrade_010100'...
10:56:29 INFO  : Checking for BSP changes to sync application flags for project 'fsbl_for_vivado_flash'...
10:56:51 INFO  : Checking for BSP changes to sync application flags for project 'fsbl_sw_upgrade_010100'...
10:57:02 INFO  : Generated template bif file for fsbl_sw_upgrade_010100_system
10:57:36 INFO  : Invoking Bootgen: bootgen -image fsbl_sw_upgrade_010100_system.bif -arch zynqmp -o /home/bhashini/Desktop/Zynq_Selftest_new/2025_01_30/vitis_test_with_original_xsa/fsbl_sw_upgrade_010100_system/_ide/bootimage/fsbl_sw_upgrade_010100_system.bin
10:57:36 INFO  : Overwriting existing bif file /home/bhashini/Desktop/Zynq_Selftest_new/2025_01_30/vitis_test_with_original_xsa/fsbl_sw_upgrade_010100_system/_ide/bootimage/fsbl_sw_upgrade_010100_system.bif
10:57:37 INFO  : Bootgen command execution is done.
12:08:48 INFO  : Launching XSCT server: xsct -n  -interactive /home/bhashini/Desktop/Zynq_Selftest_new/2025_01_30/vitis_test_with_original_xsa/temp_xsdb_launch_script.tcl
12:08:50 INFO  : XSCT server has started successfully.
12:08:50 INFO  : Successfully done setting XSCT server connection channel  
12:08:50 INFO  : plnx-install-location is set to ''
12:08:50 INFO  : Successfully done setting workspace for the tool. 
12:08:50 INFO  : Successfully done query RDI_DATADIR 
12:08:50 INFO  : Platform repository initialization has completed.
12:08:50 INFO  : Registering command handlers for Vitis TCF services
12:12:44 INFO  : Invoking Bootgen: bootgen -image fsbl_sw_upgrade_010100_system.bif -arch zynqmp -o /home/bhashini/Desktop/Zynq_Selftest_new/2025_01_30/vitis_test_with_original_xsa/fsbl_sw_upgrade_010100_system/_ide/bootimage/BOOT.bin
12:12:45 INFO  : Bootgen command execution is done.
12:13:18 INFO  : Invoking Bootgen: bootgen -image fsbl_sw_upgrade_010100_system.bif -arch zynqmp -o /home/bhashini/Desktop/Zynq_Selftest_new/2025_01_30/vitis_test_with_original_xsa/fsbl_sw_upgrade_010100_system/_ide/bootimage/BOOT.bin -w on
12:13:19 INFO  : Bootgen command execution is done.
12:19:40 INFO  : Result from executing command 'getProjects': design_1_wrapper_010200_1
12:19:40 INFO  : Result from executing command 'getPlatforms': design_1_wrapper_010200_1|/home/bhashini/Desktop/Zynq_Selftest_new/2025_01_30/vitis_test_with_original_xsa/design_1_wrapper_010200_1/export/design_1_wrapper_010200_1/design_1_wrapper_010200_1.xpfm
12:20:12 INFO  : Checking for BSP changes to sync application flags for project 'fsbl_for_vivado_flash'...
12:20:17 INFO  : The hardware specfication used by project 'fsbl_for_vivado_flash' is out of sync with the platform. Resource files extracted from the hardware specfiication will be updated.
12:20:17 INFO  : The updated bitstream files are copied from platform to folder '/home/bhashini/Desktop/Zynq_Selftest_new/2025_01_30/vitis_test_with_original_xsa/fsbl_for_vivado_flash/_ide/bitstream' in project 'fsbl_for_vivado_flash'.
12:20:17 INFO  : The updated ps init files are copied from platform to folder '/home/bhashini/Desktop/Zynq_Selftest_new/2025_01_30/vitis_test_with_original_xsa/fsbl_for_vivado_flash/_ide/psinit' in project 'fsbl_for_vivado_flash'.
12:20:28 INFO  : Checking for BSP changes to sync application flags for project 'fsbl_sw_upgrade_010100'...
12:20:32 INFO  : The hardware specfication used by project 'fsbl_sw_upgrade_010100' is out of sync with the platform. Resource files extracted from the hardware specfiication will be updated.
12:20:32 INFO  : The updated bitstream files are copied from platform to folder '/home/bhashini/Desktop/Zynq_Selftest_new/2025_01_30/vitis_test_with_original_xsa/fsbl_sw_upgrade_010100/_ide/bitstream' in project 'fsbl_sw_upgrade_010100'.
12:20:32 INFO  : The updated ps init files are copied from platform to folder '/home/bhashini/Desktop/Zynq_Selftest_new/2025_01_30/vitis_test_with_original_xsa/fsbl_sw_upgrade_010100/_ide/psinit' in project 'fsbl_sw_upgrade_010100'.
12:21:53 INFO  : Generated template bif file for fsbl_sw_upgrade_010100_system
12:26:56 INFO  : Invoking Bootgen: bootgen -image fsbl_sw_upgrade_010100_system.bif -arch zynqmp -o /home/bhashini/Desktop/Zynq_Selftest_new/2025_01_30/vitis_test_with_original_xsa/fsbl_sw_upgrade_010100_system/_ide/bootimage/BOOT.bin
12:26:56 INFO  : Overwriting existing bif file /home/bhashini/Desktop/Zynq_Selftest_new/2025_01_30/vitis_test_with_original_xsa/fsbl_sw_upgrade_010100_system/_ide/bootimage/fsbl_sw_upgrade_010100_system.bif
12:26:57 INFO  : Bootgen command execution is done.
10:46:09 INFO  : Launching XSCT server: xsct -n  -interactive /home/bhashini/Desktop/Zynq_Selftest_new/2025_01_30/vitis_test_with_original_xsa/temp_xsdb_launch_script.tcl
10:46:11 INFO  : XSCT server has started successfully.
10:46:11 INFO  : plnx-install-location is set to ''
10:46:11 INFO  : Successfully done setting XSCT server connection channel  
10:46:11 INFO  : Successfully done setting workspace for the tool. 
10:46:11 INFO  : Successfully done query RDI_DATADIR 
10:46:11 INFO  : Platform repository initialization has completed.
10:46:11 INFO  : Registering command handlers for Vitis TCF services
10:46:32 INFO  : Successfully done sdx_reload_mss "/home/bhashini/Desktop/Zynq_Selftest_new/2025_01_30/vitis_test_with_original_xsa/design_1_wrapper_010200_1/psu_cortexa53_0/domain_psu_cortexa53_0/bsp/system.mss"
10:49:57 INFO  : Successfully done sdx_reload_mss "/home/bhashini/Desktop/Zynq_Selftest_new/2025_01_30/vitis_test_with_original_xsa/design_1_wrapper_010200_1/psu_cortexa53_0/domain_psu_cortexa53_0/bsp/system.mss"
10:49:57 INFO  : No changes in MSS file content so sources will not be generated.
10:53:53 INFO  : Successfully done sdx_reload_mss "/home/bhashini/Desktop/Zynq_Selftest_new/2025_01_30/vitis_test_with_original_xsa/design_1_wrapper_010200_1/zynqmp_fsbl/zynqmp_fsbl_bsp/system.mss"
10:54:01 INFO  : Successfully done sdx_reload_mss "/home/bhashini/Desktop/Zynq_Selftest_new/2025_01_30/vitis_test_with_original_xsa/design_1_wrapper_010200_1/zynqmp_fsbl/zynqmp_fsbl_bsp/system.mss"
10:54:01 INFO  : No changes in MSS file content so sources will not be generated.
10:54:09 INFO  : Successfully done sdx_reload_mss "/home/bhashini/Desktop/Zynq_Selftest_new/2025_01_30/vitis_test_with_original_xsa/design_1_wrapper_010200_1/zynqmp_pmufw/zynqmp_pmufw_bsp/system.mss"
10:54:16 INFO  : Successfully done sdx_reload_mss "/home/bhashini/Desktop/Zynq_Selftest_new/2025_01_30/vitis_test_with_original_xsa/design_1_wrapper_010200_1/zynqmp_pmufw/zynqmp_pmufw_bsp/system.mss"
10:54:16 INFO  : No changes in MSS file content so sources will not be generated.
10:54:57 INFO  : Successfully done sdx_reload_mss "/home/bhashini/Desktop/Zynq_Selftest_new/2025_01_30/vitis_test_with_original_xsa/design_1_wrapper_010200_1/zynqmp_pmufw/zynqmp_pmufw_bsp/system.mss"
10:54:57 INFO  : No changes in MSS file content so sources will not be generated.
10:55:37 INFO  : Successfully done sdx_reload_mss "/home/bhashini/Desktop/Zynq_Selftest_new/2025_01_30/vitis_test_with_original_xsa/design_1_wrapper_010200_1/psu_cortexa53_0/domain_psu_cortexa53_0/bsp/system.mss"
10:55:37 INFO  : No changes in MSS file content so sources will not be generated.
11:00:28 INFO  : Result from executing command 'getProjects': design_1_wrapper_010200_1
11:00:28 INFO  : Result from executing command 'getPlatforms': design_1_wrapper_010200_1|/home/bhashini/Desktop/Zynq_Selftest_new/2025_01_30/vitis_test_with_original_xsa/design_1_wrapper_010200_1/export/design_1_wrapper_010200_1/design_1_wrapper_010200_1.xpfm
11:00:31 INFO  : Checking for BSP changes to sync application flags for project 'fsbl_for_vivado_flash'...
11:00:41 INFO  : The hardware specfication used by project 'fsbl_for_vivado_flash' is out of sync with the platform. Resource files extracted from the hardware specfiication will be updated.
11:00:41 INFO  : The file '/home/bhashini/Desktop/Zynq_Selftest_new/2025_01_30/vitis_test_with_original_xsa/fsbl_for_vivado_flash/_ide/bitstream/design_1_wrapper.bit' stored in project is removed.
11:00:41 INFO  : The updated bitstream files are copied from platform to folder '/home/bhashini/Desktop/Zynq_Selftest_new/2025_01_30/vitis_test_with_original_xsa/fsbl_for_vivado_flash/_ide/bitstream' in project 'fsbl_for_vivado_flash'.
11:00:41 INFO  : The file '/home/bhashini/Desktop/Zynq_Selftest_new/2025_01_30/vitis_test_with_original_xsa/fsbl_for_vivado_flash/_ide/psinit/psu_init.tcl' stored in project is removed.
11:00:41 INFO  : The updated ps init files are copied from platform to folder '/home/bhashini/Desktop/Zynq_Selftest_new/2025_01_30/vitis_test_with_original_xsa/fsbl_for_vivado_flash/_ide/psinit' in project 'fsbl_for_vivado_flash'.
12:57:17 INFO  : Launching XSCT server: xsct -n  -interactive /home/bhashini/Desktop/Zynq_Selftest_new/2025_01_30/vitis_test_with_original_xsa/temp_xsdb_launch_script.tcl
12:57:19 INFO  : XSCT server has started successfully.
12:57:19 INFO  : Successfully done setting XSCT server connection channel  
12:57:19 INFO  : plnx-install-location is set to ''
12:57:19 INFO  : Successfully done setting workspace for the tool. 
12:57:20 INFO  : Platform repository initialization has completed.
12:57:20 INFO  : Successfully done query RDI_DATADIR 
12:57:20 INFO  : Registering command handlers for Vitis TCF services
13:07:41 INFO  : Launching XSCT server: xsct -n  -interactive /home/bhashini/Desktop/Zynq_Selftest_new/2025_01_30/vitis_test_with_original_xsa/temp_xsdb_launch_script.tcl
13:07:43 INFO  : XSCT server has started successfully.
13:07:43 INFO  : plnx-install-location is set to ''
13:07:43 INFO  : Successfully done setting XSCT server connection channel  
13:07:43 INFO  : Successfully done setting workspace for the tool. 
13:07:43 INFO  : Platform repository initialization has completed.
13:07:43 INFO  : Successfully done query RDI_DATADIR 
13:07:43 INFO  : Registering command handlers for Vitis TCF services
13:35:11 INFO  : Invoking Bootgen: bootgen -image fsbl_sw_upgrade_010100_system.bif -arch zynqmp -o /home/bhashini/Desktop/Zynq_Selftest_new/2025_01_30/vitis_test_with_original_xsa/fsbl_sw_upgrade_010100_system/_ide/bootimage/BOOT.bin -w on
13:35:12 INFO  : Bootgen command execution is done.
