Copyright 1986-2020 Xilinx, Inc. All Rights Reserved.
----------------------------------------------------------------------------------------------------
| Tool Version      : Vivado v.2020.1 (lin64) Build 2902540 Wed May 27 19:54:35 MDT 2020
| Date              : Mon Jan  6 16:44:27 2025
| Host              : bhashni-Vivobook-ASUSLaptop-X1502ZA-X1502ZA running 64-bit Ubuntu 20.04.6 LTS
| Command           : report_clock_utilization -file design_1_wrapper_clock_utilization_routed.rpt
| Design            : design_1_wrapper
| Device            : xczu11eg-ffvc1760
| Speed File        : -2  PRODUCTION 1.27 02-28-2020
| Temperature Grade : I
| Design State      : Routed
----------------------------------------------------------------------------------------------------

Clock Utilization Report

Table of Contents
-----------------
1. Clock Primitive Utilization
2. Global Clock Resources
3. Global Clock Source Details
4. Clock Regions : Clock Primitives
5. Clock Regions : Load Primitives
6. Clock Regions : Global Clock Summary
7. Clock Regions : Routing Resource Utilization
8. Device Cell Placement Summary for Global Clock g0
9. Device Cell Placement Summary for Global Clock g1
10. Device Cell Placement Summary for Global Clock g2
11. Device Cell Placement Summary for Global Clock g3
12. Device Cell Placement Summary for Global Clock g4
13. Device Cell Placement Summary for Global Clock g5
14. Device Cell Placement Summary for Global Clock g6
15. Clock Region Cell Placement per Global Clock: Region X1Y0
16. Clock Region Cell Placement per Global Clock: Region X2Y0
17. Clock Region Cell Placement per Global Clock: Region X3Y0
18. Clock Region Cell Placement per Global Clock: Region X1Y1
19. Clock Region Cell Placement per Global Clock: Region X2Y1
20. Clock Region Cell Placement per Global Clock: Region X3Y1
21. Clock Region Cell Placement per Global Clock: Region X1Y2
22. Clock Region Cell Placement per Global Clock: Region X2Y2
23. Clock Region Cell Placement per Global Clock: Region X3Y2

1. Clock Primitive Utilization
------------------------------

+------------+------+-----------+-----+--------------+--------+
| Type       | Used | Available | LOC | Clock Region | Pblock |
+------------+------+-----------+-----+--------------+--------+
| BUFGCE     |    1 |       208 |   0 |            0 |      0 |
| BUFGCE_DIV |    0 |        32 |   0 |            0 |      0 |
| BUFGCTRL   |    0 |        64 |   0 |            0 |      0 |
| BUFG_GT    |    6 |       312 |   0 |            0 |      0 |
| MMCM       |    0 |         8 |   0 |            0 |      0 |
| PLL        |    0 |        16 |   0 |            0 |      0 |
+------------+------+-----------+-----+--------------+--------+


2. Global Clock Resources
-------------------------

+-----------+-----------+-----------------+------------+---------------+--------------+------+-------------------+-------------------+-------------+-----------------+--------------+------------------------------------------------------------------------------------------------------------------------------------------------------------------------------------------------------------------------------------------------------------------------------------------------------------------------------------------------------------------------------------------------------------------------------+------------------------------------------------------------------------------------------------------------------------------------------------------------------------------------------------------------------------------------------------------------------------------------------------------------------------------------------------------------------------------------------------------------------------------+---------------------------------------------------------------------------------------------------------------------------------------------------------------------------------------------------------------------------------------------------------------------------------------------------------------------------------------------------------------------------------------------------------------+
| Global Id | Source Id | Driver Type/Pin | Constraint | Site          | Clock Region | Root | Clock Delay Group | Load Clock Region | Clock Loads | Non-Clock Loads | Clock Period | Clock                                                                                                                                                                                                                                                                                                                                                                                                                        | Driver Pin                                                                                                                                                                                                                                                                                                                                                                                                                   | Net                                                                                                                                                                                                                                                                                                                                                                                                           |
+-----------+-----------+-----------------+------------+---------------+--------------+------+-------------------+-------------------+-------------+-----------------+--------------+------------------------------------------------------------------------------------------------------------------------------------------------------------------------------------------------------------------------------------------------------------------------------------------------------------------------------------------------------------------------------------------------------------------------------+------------------------------------------------------------------------------------------------------------------------------------------------------------------------------------------------------------------------------------------------------------------------------------------------------------------------------------------------------------------------------------------------------------------------------+---------------------------------------------------------------------------------------------------------------------------------------------------------------------------------------------------------------------------------------------------------------------------------------------------------------------------------------------------------------------------------------------------------------+
| g0        | src0      | BUFG_GT/O       | None       | BUFG_GT_X1Y63 | X3Y2         | X2Y1 |                   |                 9 |       23928 |               0 |        8.000 | axi_bram_ctrl_0_BRAM_PORTA2_CLK                                                                                                                                                                                                                                                                                                                                                                                              | design_1_i/xdma_0/inst/pcie4_ip_i/inst/gt_top_i/diablo_gt.diablo_gt_phy_wrapper/phy_clk_i/bufg_gt_userclk/O                                                                                                                                                                                                                                                                                                                  | design_1_i/xdma_0/inst/pcie4_ip_i/inst/gt_top_i/diablo_gt.diablo_gt_phy_wrapper/phy_clk_i/CLK_USERCLK                                                                                                                                                                                                                                                                                                         |
| g1        | src0      | BUFG_GT/O       | None       | BUFG_GT_X1Y69 | X3Y2         | X2Y1 |                   |                 4 |        1966 |               0 |        4.000 | design_1_i/xdma_0/inst/pcie4_ip_i/inst/gt_top_i/diablo_gt.diablo_gt_phy_wrapper/gt_wizard.gtwizard_top_i/design_1_xdma_0_0_pcie4_ip_gt_i/inst/gen_gtwizard_gthe4_top.design_1_xdma_0_0_pcie4_ip_gt_gtwizard_gthe4_inst/gen_gtwizard_gthe4.gen_channel_container[2].gen_enabled_channel.gthe4_channel_wrapper_inst/channel_inst/gthe4_channel_gen.gen_gthe4_channel_inst[0].GTHE4_CHANNEL_PRIM_INST/TXOUTCLK                  | design_1_i/xdma_0/inst/pcie4_ip_i/inst/gt_top_i/diablo_gt.diablo_gt_phy_wrapper/phy_clk_i/bufg_gt_coreclk/O                                                                                                                                                                                                                                                                                                                  | design_1_i/xdma_0/inst/pcie4_ip_i/inst/gt_top_i/diablo_gt.diablo_gt_phy_wrapper/phy_clk_i/CLK_CORECLK                                                                                                                                                                                                                                                                                                         |
| g2        | src0      | BUFG_GT/O       | None       | BUFG_GT_X1Y62 | X3Y2         | X2Y1 |                   |                 3 |         368 |               0 |        4.000 | design_1_i/xdma_0/inst/pcie4_ip_i/inst/gt_top_i/diablo_gt.diablo_gt_phy_wrapper/gt_wizard.gtwizard_top_i/design_1_xdma_0_0_pcie4_ip_gt_i/inst/gen_gtwizard_gthe4_top.design_1_xdma_0_0_pcie4_ip_gt_gtwizard_gthe4_inst/gen_gtwizard_gthe4.gen_channel_container[2].gen_enabled_channel.gthe4_channel_wrapper_inst/channel_inst/gthe4_channel_gen.gen_gthe4_channel_inst[0].GTHE4_CHANNEL_PRIM_INST/TXOUTCLK                  | design_1_i/xdma_0/inst/pcie4_ip_i/inst/gt_top_i/diablo_gt.diablo_gt_phy_wrapper/phy_clk_i/bufg_gt_pclk/O                                                                                                                                                                                                                                                                                                                     | design_1_i/xdma_0/inst/pcie4_ip_i/inst/gt_top_i/diablo_gt.diablo_gt_phy_wrapper/phy_clk_i/CLK_PCLK2_GT                                                                                                                                                                                                                                                                                                        |
| g3        | src0      | BUFG_GT/O       | None       | BUFG_GT_X1Y59 | X3Y2         | X3Y2 |                   |                 1 |          31 |               0 |        8.000 | design_1_i/xdma_0/inst/pcie4_ip_i/inst/gt_top_i/diablo_gt.diablo_gt_phy_wrapper/gt_wizard.gtwizard_top_i/design_1_xdma_0_0_pcie4_ip_gt_i/inst/gen_gtwizard_gthe4_top.design_1_xdma_0_0_pcie4_ip_gt_gtwizard_gthe4_inst/gen_gtwizard_gthe4.gen_cpll_cal_gthe4.gen_cpll_cal_inst[0].gen_inst_cpll_cal.gtwizard_ultrascale_v1_7_8_gthe4_cpll_cal_inst/gtwizard_ultrascale_v1_7_8_gthe4_cpll_cal_tx_i/bufg_gt_txoutclkmon_inst/O | design_1_i/xdma_0/inst/pcie4_ip_i/inst/gt_top_i/diablo_gt.diablo_gt_phy_wrapper/gt_wizard.gtwizard_top_i/design_1_xdma_0_0_pcie4_ip_gt_i/inst/gen_gtwizard_gthe4_top.design_1_xdma_0_0_pcie4_ip_gt_gtwizard_gthe4_inst/gen_gtwizard_gthe4.gen_cpll_cal_gthe4.gen_cpll_cal_inst[0].gen_inst_cpll_cal.gtwizard_ultrascale_v1_7_8_gthe4_cpll_cal_inst/gtwizard_ultrascale_v1_7_8_gthe4_cpll_cal_tx_i/bufg_gt_txoutclkmon_inst/O | design_1_i/xdma_0/inst/pcie4_ip_i/inst/gt_top_i/diablo_gt.diablo_gt_phy_wrapper/gt_wizard.gtwizard_top_i/design_1_xdma_0_0_pcie4_ip_gt_i/inst/gen_gtwizard_gthe4_top.design_1_xdma_0_0_pcie4_ip_gt_gtwizard_gthe4_inst/gen_gtwizard_gthe4.gen_cpll_cal_gthe4.gen_cpll_cal_inst[0].gen_inst_cpll_cal.gtwizard_ultrascale_v1_7_8_gthe4_cpll_cal_inst/gtwizard_ultrascale_v1_7_8_gthe4_cpll_cal_tx_i/txoutclkmon |
| g4        | src0      | BUFG_GT/O       | None       | BUFG_GT_X1Y51 | X3Y2         | X3Y1 |                   |                 2 |          13 |               0 |     1000.000 | design_1_i/xdma_0/inst/pcie4_ip_i/inst/gt_top_i/diablo_gt.diablo_gt_phy_wrapper/phy_clk_i/bufg_gt_intclk/O                                                                                                                                                                                                                                                                                                                   | design_1_i/xdma_0/inst/pcie4_ip_i/inst/gt_top_i/diablo_gt.diablo_gt_phy_wrapper/phy_clk_i/bufg_gt_intclk/O                                                                                                                                                                                                                                                                                                                   | design_1_i/xdma_0/inst/pcie4_ip_i/inst/gt_top_i/diablo_gt.diablo_gt_phy_wrapper/phy_clk_i/CLK_INTCLK                                                                                                                                                                                                                                                                                                          |
| g5        | src1      | BUFG_GT/O       | None       | BUFG_GT_X1Y70 | X3Y2         | X3Y1 |                   |                 2 |         483 |               0 |              |                                                                                                                                                                                                                                                                                                                                                                                                                              | design_1_i/xdma_0/inst/pcie4_ip_i/inst/bufg_gt_sysclk/O                                                                                                                                                                                                                                                                                                                                                                      | design_1_i/xdma_0/inst/pcie4_ip_i/inst/ext_ch_gt_drpclk                                                                                                                                                                                                                                                                                                                                                       |
| g6        | src2      | BUFGCE/O        | None       | BUFGCE_X0Y44  | X2Y1         | X2Y1 | n/a               |                 8 |           0 |            3821 |          n/a | n/a                                                                                                                                                                                                                                                                                                                                                                                                                          | design_1_i/xdma_0/inst/pcie4_ip_i/inst/user_reset_reg_bufg_place/O                                                                                                                                                                                                                                                                                                                                                           | design_1_i/xdma_0/inst/pcie4_ip_i/inst/user_reset                                                                                                                                                                                                                                                                                                                                                             |
+-----------+-----------+-----------------+------------+---------------+--------------+------+-------------------+-------------------+-------------+-----------------+--------------+------------------------------------------------------------------------------------------------------------------------------------------------------------------------------------------------------------------------------------------------------------------------------------------------------------------------------------------------------------------------------------------------------------------------------+------------------------------------------------------------------------------------------------------------------------------------------------------------------------------------------------------------------------------------------------------------------------------------------------------------------------------------------------------------------------------------------------------------------------------+---------------------------------------------------------------------------------------------------------------------------------------------------------------------------------------------------------------------------------------------------------------------------------------------------------------------------------------------------------------------------------------------------------------+
* Clock Loads column represents the clock pin loads (pin count)
** Non-Clock Loads column represents the non-clock pin loads (pin count)


3. Global Clock Source Details
------------------------------

+-----------+--------------------+------------------------+--------------------+--------------------+--------------+-------------+-----------------+---------------------+-------------------------------------------------------------------------------------------------------------------------------------------------------------------------------------------------------------------------------------------------------------------------------------------------------------------------------------------------------------------------------------------------------------+-------------------------------------------------------------------------------------------------------------------------------------------------------------------------------------------------------------------------------------------------------------------------------------------------------------------------------------------------------------------------------------------------------------+------------------------------------------------------------------------------------------------------------------------------------------------------------------------------------------------------------------------------------------------------------------------------------------------------------------------------------------------+
| Source Id | Global Id          | Driver Type/Pin        | Constraint         | Site               | Clock Region | Clock Loads | Non-Clock Loads | Source Clock Period | Source Clock                                                                                                                                                                                                                                                                                                                                                                                                | Driver Pin                                                                                                                                                                                                                                                                                                                                                                                                  | Net                                                                                                                                                                                                                                                                                                                                            |
+-----------+--------------------+------------------------+--------------------+--------------------+--------------+-------------+-----------------+---------------------+-------------------------------------------------------------------------------------------------------------------------------------------------------------------------------------------------------------------------------------------------------------------------------------------------------------------------------------------------------------------------------------------------------------+-------------------------------------------------------------------------------------------------------------------------------------------------------------------------------------------------------------------------------------------------------------------------------------------------------------------------------------------------------------------------------------------------------------+------------------------------------------------------------------------------------------------------------------------------------------------------------------------------------------------------------------------------------------------------------------------------------------------------------------------------------------------+
| src0      | g0, g1, g2, g3, g4 | GTHE4_CHANNEL/TXOUTCLK | GTHE4_CHANNEL_X0Y9 | GTHE4_CHANNEL_X0Y9 | X3Y2         |           6 |               0 |               4.000 | design_1_i/xdma_0/inst/pcie4_ip_i/inst/gt_top_i/diablo_gt.diablo_gt_phy_wrapper/gt_wizard.gtwizard_top_i/design_1_xdma_0_0_pcie4_ip_gt_i/inst/gen_gtwizard_gthe4_top.design_1_xdma_0_0_pcie4_ip_gt_gtwizard_gthe4_inst/gen_gtwizard_gthe4.gen_channel_container[2].gen_enabled_channel.gthe4_channel_wrapper_inst/channel_inst/gthe4_channel_gen.gen_gthe4_channel_inst[0].GTHE4_CHANNEL_PRIM_INST/TXOUTCLK | design_1_i/xdma_0/inst/pcie4_ip_i/inst/gt_top_i/diablo_gt.diablo_gt_phy_wrapper/gt_wizard.gtwizard_top_i/design_1_xdma_0_0_pcie4_ip_gt_i/inst/gen_gtwizard_gthe4_top.design_1_xdma_0_0_pcie4_ip_gt_gtwizard_gthe4_inst/gen_gtwizard_gthe4.gen_channel_container[2].gen_enabled_channel.gthe4_channel_wrapper_inst/channel_inst/gthe4_channel_gen.gen_gthe4_channel_inst[0].GTHE4_CHANNEL_PRIM_INST/TXOUTCLK | design_1_i/xdma_0/inst/pcie4_ip_i/inst/gt_top_i/diablo_gt.diablo_gt_phy_wrapper/gt_wizard.gtwizard_top_i/design_1_xdma_0_0_pcie4_ip_gt_i/inst/gen_gtwizard_gthe4_top.design_1_xdma_0_0_pcie4_ip_gt_gtwizard_gthe4_inst/gen_gtwizard_gthe4.gen_channel_container[2].gen_enabled_channel.gthe4_channel_wrapper_inst/channel_inst/txoutclk_out[0] |
| src1      | g5                 | IBUFDS_GTE4/ODIV2      | GTHE4_COMMON_X0Y2  | GTHE4_COMMON_X0Y2  | X3Y2         |           2 |               0 |                     |                                                                                                                                                                                                                                                                                                                                                                                                             | design_1_i/util_ds_buf_0/U0/USE_IBUFDS_GTE4.GEN_IBUFDS_GTE4[0].IBUFDS_GTE4_I/ODIV2                                                                                                                                                                                                                                                                                                                          | design_1_i/util_ds_buf_0/U0/IBUF_DS_ODIV2[0]                                                                                                                                                                                                                                                                                                   |
| src2      | g6                 | FDPE/Q                 | None               | SLICE_X44Y34       | X2Y0         |           1 |               0 |                     |                                                                                                                                                                                                                                                                                                                                                                                                             | design_1_i/xdma_0/inst/pcie4_ip_i/inst/user_reset_reg/Q                                                                                                                                                                                                                                                                                                                                                     | design_1_i/xdma_0/inst/pcie4_ip_i/inst/user_reset_bufg_place                                                                                                                                                                                                                                                                                   |
+-----------+--------------------+------------------------+--------------------+--------------------+--------------+-------------+-----------------+---------------------+-------------------------------------------------------------------------------------------------------------------------------------------------------------------------------------------------------------------------------------------------------------------------------------------------------------------------------------------------------------------------------------------------------------+-------------------------------------------------------------------------------------------------------------------------------------------------------------------------------------------------------------------------------------------------------------------------------------------------------------------------------------------------------------------------------------------------------------+------------------------------------------------------------------------------------------------------------------------------------------------------------------------------------------------------------------------------------------------------------------------------------------------------------------------------------------------+
* Clock Loads column represents the clock pin loads (pin count)
** Non-Clock Loads column represents the non-clock pin loads (pin count)


4. Clock Regions : Clock Primitives
-----------------------------------

+-------------------+---------------+---------------+---------------+---------------+---------------+---------------+---------------+
|                   |  Global Clock |     BUFGCE    |   BUFGCE_DIV  |    BUFGCTRL   |    BUFG_GT    |      MMCM     |      PLL      |
+-------------------+-------+-------+-------+-------+-------+-------+-------+-------+-------+-------+-------+-------+-------+-------+
| Clock Region Name | Used  | Avail | Used  | Avail | Used  | Avail | Used  | Avail | Used  | Avail | Used  | Avail | Used  | Avail |
+-------------------+-------+-------+-------+-------+-------+-------+-------+-------+-------+-------+-------+-------+-------+-------+
| X0Y0              |     0 |     0 |     0 |     0 |     0 |     0 |     0 |     0 |     0 |     0 |     0 |     0 |     0 |     0 |
| X1Y0              |     3 |    24 |     0 |     0 |     0 |     0 |     0 |     0 |     0 |     0 |     0 |     0 |     0 |     0 |
| X2Y0              |     4 |    24 |     0 |    24 |     0 |     4 |     0 |     8 |     0 |     0 |     0 |     1 |     0 |     2 |
| X3Y0              |     4 |    24 |     0 |     0 |     0 |     0 |     0 |     0 |     0 |    24 |     0 |     0 |     0 |     0 |
| X0Y1              |     0 |     0 |     0 |     0 |     0 |     0 |     0 |     0 |     0 |     0 |     0 |     0 |     0 |     0 |
| X1Y1              |     2 |    24 |     0 |     0 |     0 |     0 |     0 |     0 |     0 |     0 |     0 |     0 |     0 |     0 |
| X2Y1              |     4 |    24 |     1 |    24 |     0 |     4 |     0 |     8 |     0 |     0 |     0 |     1 |     0 |     2 |
| X3Y1              |     6 |    24 |     0 |     0 |     0 |     0 |     0 |     0 |     0 |    24 |     0 |     0 |     0 |     0 |
| X0Y2              |     0 |     0 |     0 |     0 |     0 |     0 |     0 |     0 |     0 |     0 |     0 |     0 |     0 |     0 |
| X1Y2              |     2 |    24 |     0 |     0 |     0 |     0 |     0 |     0 |     0 |     0 |     0 |     0 |     0 |     0 |
| X2Y2              |     3 |    24 |     0 |    24 |     0 |     4 |     0 |     8 |     0 |     0 |     0 |     1 |     0 |     2 |
| X3Y2              |     4 |    24 |     0 |     0 |     0 |     0 |     0 |     0 |     6 |    24 |     0 |     0 |     0 |     0 |
| X0Y3              |     0 |    24 |     0 |     0 |     0 |     0 |     0 |     0 |     0 |    24 |     0 |     0 |     0 |     0 |
| X1Y3              |     0 |    24 |     0 |     0 |     0 |     0 |     0 |     0 |     0 |     0 |     0 |     0 |     0 |     0 |
| X2Y3              |     0 |    24 |     0 |    24 |     0 |     4 |     0 |     8 |     0 |     0 |     0 |     1 |     0 |     2 |
| X3Y3              |     0 |    24 |     0 |     0 |     0 |     0 |     0 |     0 |     0 |    24 |     0 |     0 |     0 |     0 |
| X0Y4              |     0 |    24 |     0 |     0 |     0 |     0 |     0 |     0 |     0 |    24 |     0 |     0 |     0 |     0 |
| X1Y4              |     0 |    24 |     0 |     0 |     0 |     0 |     0 |     0 |     0 |     0 |     0 |     0 |     0 |     0 |
| X2Y4              |     0 |    24 |     0 |    24 |     0 |     4 |     0 |     8 |     0 |     0 |     0 |     1 |     0 |     2 |
| X3Y4              |     0 |    24 |     0 |     4 |     0 |     0 |     0 |     0 |     0 |    24 |     0 |     0 |     0 |     0 |
| X0Y5              |     0 |    24 |     0 |     0 |     0 |     0 |     0 |     0 |     0 |    24 |     0 |     0 |     0 |     0 |
| X1Y5              |     0 |    24 |     0 |     0 |     0 |     0 |     0 |     0 |     0 |     0 |     0 |     0 |     0 |     0 |
| X2Y5              |     0 |    24 |     0 |    24 |     0 |     4 |     0 |     8 |     0 |     0 |     0 |     1 |     0 |     2 |
| X3Y5              |     0 |    24 |     0 |     4 |     0 |     0 |     0 |     0 |     0 |    24 |     0 |     0 |     0 |     0 |
| X0Y6              |     0 |    24 |     0 |     0 |     0 |     0 |     0 |     0 |     0 |    24 |     0 |     0 |     0 |     0 |
| X1Y6              |     0 |    24 |     0 |     0 |     0 |     0 |     0 |     0 |     0 |     0 |     0 |     0 |     0 |     0 |
| X2Y6              |     0 |    24 |     0 |    24 |     0 |     4 |     0 |     8 |     0 |     0 |     0 |     1 |     0 |     2 |
| X3Y6              |     0 |    24 |     0 |     4 |     0 |     0 |     0 |     0 |     0 |    24 |     0 |     0 |     0 |     0 |
| X0Y7              |     0 |    24 |     0 |     0 |     0 |     0 |     0 |     0 |     0 |    24 |     0 |     0 |     0 |     0 |
| X1Y7              |     0 |    24 |     0 |     0 |     0 |     0 |     0 |     0 |     0 |     0 |     0 |     0 |     0 |     0 |
| X2Y7              |     0 |    24 |     0 |    24 |     0 |     4 |     0 |     8 |     0 |     0 |     0 |     1 |     0 |     2 |
| X3Y7              |     0 |    24 |     0 |     4 |     0 |     0 |     0 |     0 |     0 |    24 |     0 |     0 |     0 |     0 |
+-------------------+-------+-------+-------+-------+-------+-------+-------+-------+-------+-------+-------+-------+-------+-------+
* Global Clock column represents track count; while other columns represents cell counts


5. Clock Regions : Load Primitives
----------------------------------

+-------------------+------------------+------------------+------------------+------------------+------------------+------------------+------------------+------------------+
|                   |   Global Clock   |        FF        |      LUTRAM      |  Block RAM (18K) |       URAM       |        DSP       |        GT        |      HARD IP     |
+-------------------+--------+---------+--------+---------+--------+---------+--------+---------+--------+---------+--------+---------+--------+---------+--------+---------+
| Clock Region Name | Used   | Avail   | Used   | Avail   | Used   | Avail   | Used   | Avail   | Used   | Avail   | Used   | Avail   | Used   | Avail   | Used   | Avail   |
+-------------------+--------+---------+--------+---------+--------+---------+--------+---------+--------+---------+--------+---------+--------+---------+--------+---------+
| X0Y0              |      0 |       0 |      0 |       0 |      0 |       0 |      0 |       0 |      0 |       0 |      0 |       0 |      0 |       0 |      0 |       0 |
| X1Y0              |      3 |      24 |   3733 |   19200 |    113 |    5280 |     12 |      48 |      0 |       0 |      0 |     120 |      0 |       0 |      0 |       0 |
| X2Y0              |      4 |      24 |   4636 |   19200 |     59 |    5760 |      6 |      24 |      0 |       0 |      0 |     144 |      0 |       0 |      0 |       0 |
| X3Y0              |      4 |      24 |   3670 |   23040 |      2 |    4800 |     30 |      48 |      0 |       0 |      0 |      72 |      0 |       4 |      1 |       1 |
| X0Y1              |      0 |       0 |      0 |       0 |      0 |       0 |      0 |       0 |      0 |       0 |      0 |       0 |      0 |       0 |      0 |       0 |
| X1Y1              |      2 |      24 |   6630 |   19200 |    236 |    5280 |      0 |      48 |      0 |       0 |      0 |     120 |      0 |       0 |      0 |       0 |
| X2Y1              |      4 |      24 |   4543 |   19200 |      6 |    5760 |      8 |      24 |      0 |       0 |      0 |     144 |      0 |       0 |      0 |       0 |
| X3Y1              |      6 |      24 |    590 |   23040 |      0 |    4800 |      8 |      48 |      0 |       0 |      0 |      72 |      0 |       4 |      0 |       0 |
| X0Y2              |      0 |       0 |      0 |       0 |      0 |       0 |      0 |       0 |      0 |       0 |      0 |       0 |      0 |       0 |      0 |       0 |
| X1Y2              |      2 |      24 |   1489 |   19200 |     16 |    5280 |      0 |      48 |      0 |       0 |      0 |     120 |      0 |       0 |      0 |       0 |
| X2Y2              |      3 |      24 |    328 |   19200 |      0 |    5760 |      0 |      24 |      0 |       0 |      0 |     144 |      0 |       0 |      0 |       0 |
| X3Y2              |      4 |      24 |    487 |   23040 |      8 |    4800 |      0 |      48 |      0 |       0 |      0 |      72 |      1 |       4 |      0 |       0 |
| X0Y3              |      0 |      24 |      0 |   20160 |      0 |    3840 |      0 |      48 |      0 |      16 |      0 |      48 |      0 |       4 |      0 |       1 |
| X1Y3              |      0 |      24 |      0 |   20160 |      0 |    5760 |      0 |      48 |      0 |       0 |      0 |     120 |      0 |       0 |      0 |       0 |
| X2Y3              |      0 |      24 |      0 |   19200 |      0 |    5760 |      0 |      24 |      0 |       0 |      0 |     144 |      0 |       0 |      0 |       0 |
| X3Y3              |      0 |      24 |      0 |   23040 |      0 |    4800 |      0 |      48 |      0 |       0 |      0 |      72 |      0 |       4 |      0 |       1 |
| X0Y4              |      0 |      24 |      0 |   20160 |      0 |    3840 |      0 |      48 |      0 |      16 |      0 |      48 |      0 |       4 |      0 |       1 |
| X1Y4              |      0 |      24 |      0 |   20160 |      0 |    5760 |      0 |      48 |      0 |       0 |      0 |     120 |      0 |       0 |      0 |       0 |
| X2Y4              |      0 |      24 |      0 |   19200 |      0 |    5760 |      0 |      24 |      0 |       0 |      0 |     144 |      0 |       0 |      0 |       0 |
| X3Y4              |      0 |      24 |      0 |   23040 |      0 |    4800 |      0 |      48 |      0 |       0 |      0 |      72 |      0 |       4 |      0 |       0 |
| X0Y5              |      0 |      24 |      0 |   20160 |      0 |    3840 |      0 |      48 |      0 |      16 |      0 |      48 |      0 |       4 |      0 |       1 |
| X1Y5              |      0 |      24 |      0 |   20160 |      0 |    5760 |      0 |      48 |      0 |       0 |      0 |     120 |      0 |       0 |      0 |       0 |
| X2Y5              |      0 |      24 |      0 |   19200 |      0 |    5760 |      0 |      24 |      0 |       0 |      0 |     144 |      0 |       0 |      0 |       0 |
| X3Y5              |      0 |      24 |      0 |   23040 |      0 |    4800 |      0 |      48 |      0 |       0 |      0 |      72 |      0 |       4 |      0 |       0 |
| X0Y6              |      0 |      24 |      0 |   20160 |      0 |    3840 |      0 |      48 |      0 |      16 |      0 |      48 |      0 |       4 |      0 |       1 |
| X1Y6              |      0 |      24 |      0 |   20160 |      0 |    5760 |      0 |      48 |      0 |       0 |      0 |     120 |      0 |       0 |      0 |       0 |
| X2Y6              |      0 |      24 |      0 |   19200 |      0 |    5760 |      0 |      24 |      0 |       0 |      0 |     144 |      0 |       0 |      0 |       0 |
| X3Y6              |      0 |      24 |      0 |   23040 |      0 |    4800 |      0 |      48 |      0 |       0 |      0 |      72 |      0 |       4 |      0 |       0 |
| X0Y7              |      0 |      24 |      0 |   20160 |      0 |    3840 |      0 |      48 |      0 |      16 |      0 |      48 |      0 |       4 |      0 |       1 |
| X1Y7              |      0 |      24 |      0 |   20160 |      0 |    5760 |      0 |      48 |      0 |       0 |      0 |     120 |      0 |       0 |      0 |       0 |
| X2Y7              |      0 |      24 |      0 |   19200 |      0 |    5760 |      0 |      24 |      0 |       0 |      0 |     144 |      0 |       0 |      0 |       0 |
| X3Y7              |      0 |      24 |      0 |   23040 |      0 |    4800 |      0 |      48 |      0 |       0 |      0 |      72 |      0 |       4 |      0 |       0 |
+-------------------+--------+---------+--------+---------+--------+---------+--------+---------+--------+---------+--------+---------+--------+---------+--------+---------+
* Global Clock column represents track count; while other columns represents cell counts


6. Clock Regions : Global Clock Summary
---------------------------------------

All Modules
+----+----+----+----+----+
|    | X0 | X1 | X2 | X3 |
+----+----+----+----+----+
| Y7 |  0 |  0 |  0 |  0 |
| Y6 |  0 |  0 |  0 |  0 |
| Y5 |  0 |  0 |  0 |  0 |
| Y4 |  0 |  0 |  0 |  0 |
| Y3 |  0 |  0 |  0 |  0 |
| Y2 |  0 |  2 |  4 |  6 |
| Y1 |  0 |  2 |  4 |  6 |
| Y0 |  0 |  3 |  4 |  4 |
+----+----+----+----+----+


7. Clock Regions : Routing Resource Utilization
-----------------------------------------------

All Modules
+-------------------+----------------------+----------------------+----------------------+----------------------+
|                   |        HROUTES       |        HDISTRS       |        VROUTES       |        VDISTRS       |
+-------------------+------+-------+-------+------+-------+-------+------+-------+-------+------+-------+-------+
| Clock Region Name | Used | Avail | Util% | Used | Avail | Util% | Used | Avail | Util% | Used | Avail | Util% |
+-------------------+------+-------+-------+------+-------+-------+------+-------+-------+------+-------+-------+
| X0Y0              |    0 |     0 |  0.00 |    0 |     0 |  0.00 |    0 |     0 |  0.00 |    0 |     0 |  0.00 |
| X1Y0              |    0 |    24 |  0.00 |    3 |    24 | 12.50 |    0 |    24 |  0.00 |    0 |    24 |  0.00 |
| X2Y0              |    0 |    24 |  0.00 |    4 |    24 | 16.67 |    0 |    24 |  0.00 |    4 |    24 | 16.67 |
| X3Y0              |    0 |    24 |  0.00 |    4 |    24 | 16.67 |    0 |    24 |  0.00 |    0 |    24 |  0.00 |
| X0Y1              |    0 |     0 |  0.00 |    0 |     0 |  0.00 |    0 |     0 |  0.00 |    0 |     0 |  0.00 |
| X1Y1              |    0 |    24 |  0.00 |    2 |    24 |  8.33 |    0 |    24 |  0.00 |    0 |    24 |  0.00 |
| X2Y1              |    0 |    24 |  0.00 |    4 |    24 | 16.67 |    3 |    24 | 12.50 |    4 |    24 | 16.67 |
| X3Y1              |    0 |    24 |  0.00 |    6 |    24 | 25.00 |    2 |    24 |  8.33 |    2 |    24 |  8.33 |
| X0Y2              |    0 |     0 |  0.00 |    0 |     0 |  0.00 |    0 |     0 |  0.00 |    0 |     0 |  0.00 |
| X1Y2              |    0 |    24 |  0.00 |    2 |    24 |  8.33 |    0 |    24 |  0.00 |    0 |    24 |  0.00 |
| X2Y2              |    3 |    24 | 12.50 |    3 |    24 | 12.50 |    3 |    24 | 12.50 |    0 |    24 |  0.00 |
| X3Y2              |    9 |    24 | 37.50 |    4 |    24 | 16.67 |    2 |    24 |  8.33 |    0 |    24 |  0.00 |
| X0Y3              |    0 |    24 |  0.00 |    0 |    24 |  0.00 |    0 |    24 |  0.00 |    0 |    24 |  0.00 |
| X1Y3              |    0 |    24 |  0.00 |    0 |    24 |  0.00 |    0 |    24 |  0.00 |    0 |    24 |  0.00 |
| X2Y3              |    0 |    24 |  0.00 |    0 |    24 |  0.00 |    0 |    24 |  0.00 |    0 |    24 |  0.00 |
| X3Y3              |    0 |    24 |  0.00 |    0 |    24 |  0.00 |    0 |    24 |  0.00 |    0 |    24 |  0.00 |
| X0Y4              |    0 |    24 |  0.00 |    0 |    24 |  0.00 |    0 |    24 |  0.00 |    0 |    24 |  0.00 |
| X1Y4              |    0 |    24 |  0.00 |    0 |    24 |  0.00 |    0 |    24 |  0.00 |    0 |    24 |  0.00 |
| X2Y4              |    0 |    24 |  0.00 |    0 |    24 |  0.00 |    0 |    24 |  0.00 |    0 |    24 |  0.00 |
| X3Y4              |    0 |    24 |  0.00 |    0 |    24 |  0.00 |    0 |    24 |  0.00 |    0 |    24 |  0.00 |
| X0Y5              |    0 |    24 |  0.00 |    0 |    24 |  0.00 |    0 |    24 |  0.00 |    0 |    24 |  0.00 |
| X1Y5              |    0 |    24 |  0.00 |    0 |    24 |  0.00 |    0 |    24 |  0.00 |    0 |    24 |  0.00 |
| X2Y5              |    0 |    24 |  0.00 |    0 |    24 |  0.00 |    0 |    24 |  0.00 |    0 |    24 |  0.00 |
| X3Y5              |    0 |    24 |  0.00 |    0 |    24 |  0.00 |    0 |    24 |  0.00 |    0 |    24 |  0.00 |
| X0Y6              |    0 |    24 |  0.00 |    0 |    24 |  0.00 |    0 |    24 |  0.00 |    0 |    24 |  0.00 |
| X1Y6              |    0 |    24 |  0.00 |    0 |    24 |  0.00 |    0 |    24 |  0.00 |    0 |    24 |  0.00 |
| X2Y6              |    0 |    24 |  0.00 |    0 |    24 |  0.00 |    0 |    24 |  0.00 |    0 |    24 |  0.00 |
| X3Y6              |    0 |    24 |  0.00 |    0 |    24 |  0.00 |    0 |    24 |  0.00 |    0 |    24 |  0.00 |
| X0Y7              |    0 |    24 |  0.00 |    0 |    24 |  0.00 |    0 |    24 |  0.00 |    0 |    24 |  0.00 |
| X1Y7              |    0 |    24 |  0.00 |    0 |    24 |  0.00 |    0 |    24 |  0.00 |    0 |    24 |  0.00 |
| X2Y7              |    0 |    24 |  0.00 |    0 |    24 |  0.00 |    0 |    24 |  0.00 |    0 |    24 |  0.00 |
| X3Y7              |    0 |    24 |  0.00 |    0 |    24 |  0.00 |    0 |    24 |  0.00 |    0 |    24 |  0.00 |
+-------------------+------+-------+-------+------+-------+-------+------+-------+-------+------+-------+-------+


8. Device Cell Placement Summary for Global Clock g0
----------------------------------------------------

+-----------+-----------------+-------------------+---------------------------------+-------------+---------------+----------+-------------+----------+----------------+----------+-------------------------------------------------------------------------------------------------------+
| Global Id | Driver Type/Pin | Driver Region (D) | Clock                           | Period (ns) | Waveform (ns) | Root (R) | Slice Loads | IO Loads | Clocking Loads | GT Loads | Net                                                                                                   |
+-----------+-----------------+-------------------+---------------------------------+-------------+---------------+----------+-------------+----------+----------------+----------+-------------------------------------------------------------------------------------------------------+
| g0        | BUFG_GT/O       | X3Y2              | axi_bram_ctrl_0_BRAM_PORTA2_CLK |       8.000 | {0.000 4.000} | X2Y1     |       23756 |        0 |              0 |        0 | design_1_i/xdma_0/inst/pcie4_ip_i/inst/gt_top_i/diablo_gt.diablo_gt_phy_wrapper/phy_clk_i/CLK_USERCLK |
+-----------+-----------------+-------------------+---------------------------------+-------------+---------------+----------+-------------+----------+----------------+----------+-------------------------------------------------------------------------------------------------------+
* Slice Loads column represents load cell count of all cell types other than IO, GT and clock resources
** IO Loads column represents load cell count of IO types
*** Clocking Loads column represents load cell count that are clock resources (global clock buffer, MMCM, PLL, etc)
**** GT Loads column represents load cell count of GT types


+----+----+-------+----------+--------+
|    | X0 | X1    | X2       | X3     |
+----+----+-------+----------+--------+
| Y7 |  0 |     0 |        0 |      0 |
| Y6 |  0 |     0 |        0 |      0 |
| Y5 |  0 |     0 |        0 |      0 |
| Y4 |  0 |     0 |        0 |      0 |
| Y3 |  0 |     0 |        0 |      0 |
| Y2 |  0 |  1505 |      328 |  (D) 0 |
| Y1 |  0 |  6866 | (R) 4553 |    218 |
| Y0 |  1 |  3850 |     4680 |   1755 |
+----+----+-------+----------+--------+


9. Device Cell Placement Summary for Global Clock g1
----------------------------------------------------

+-----------+-----------------+-------------------+-------------------------------------------------------------------------------------------------------------------------------------------------------------------------------------------------------------------------------------------------------------------------------------------------------------------------------------------------------------------------------------------------------------+-------------+---------------+----------+-------------+----------+----------------+----------+-------------------------------------------------------------------------------------------------------+
| Global Id | Driver Type/Pin | Driver Region (D) | Clock                                                                                                                                                                                                                                                                                                                                                                                                       | Period (ns) | Waveform (ns) | Root (R) | Slice Loads | IO Loads | Clocking Loads | GT Loads | Net                                                                                                   |
+-----------+-----------------+-------------------+-------------------------------------------------------------------------------------------------------------------------------------------------------------------------------------------------------------------------------------------------------------------------------------------------------------------------------------------------------------------------------------------------------------+-------------+---------------+----------+-------------+----------+----------------+----------+-------------------------------------------------------------------------------------------------------+
| g1        | BUFG_GT/O       | X3Y2              | design_1_i/xdma_0/inst/pcie4_ip_i/inst/gt_top_i/diablo_gt.diablo_gt_phy_wrapper/gt_wizard.gtwizard_top_i/design_1_xdma_0_0_pcie4_ip_gt_i/inst/gen_gtwizard_gthe4_top.design_1_xdma_0_0_pcie4_ip_gt_gtwizard_gthe4_inst/gen_gtwizard_gthe4.gen_channel_container[2].gen_enabled_channel.gthe4_channel_wrapper_inst/channel_inst/gthe4_channel_gen.gen_gthe4_channel_inst[0].GTHE4_CHANNEL_PRIM_INST/TXOUTCLK |       4.000 | {0.000 2.000} | X2Y1     |        1938 |        0 |              0 |        0 | design_1_i/xdma_0/inst/pcie4_ip_i/inst/gt_top_i/diablo_gt.diablo_gt_phy_wrapper/phy_clk_i/CLK_CORECLK |
+-----------+-----------------+-------------------+-------------------------------------------------------------------------------------------------------------------------------------------------------------------------------------------------------------------------------------------------------------------------------------------------------------------------------------------------------------------------------------------------------------+-------------+---------------+----------+-------------+----------+----------------+----------+-------------------------------------------------------------------------------------------------------+
* Slice Loads column represents load cell count of all cell types other than IO, GT and clock resources
** IO Loads column represents load cell count of IO types
*** Clocking Loads column represents load cell count that are clock resources (global clock buffer, MMCM, PLL, etc)
**** GT Loads column represents load cell count of GT types


+----+----+----+-------+--------+
|    | X0 | X1 | X2    | X3     |
+----+----+----+-------+--------+
| Y7 |  0 |  0 |     0 |      0 |
| Y6 |  0 |  0 |     0 |      0 |
| Y5 |  0 |  0 |     0 |      0 |
| Y4 |  0 |  0 |     0 |      0 |
| Y3 |  0 |  0 |     0 |      0 |
| Y2 |  0 |  0 |     0 |  (D) 0 |
| Y1 |  0 |  0 | (R) 0 |    168 |
| Y0 |  0 |  2 |    18 |   1750 |
+----+----+----+-------+--------+


10. Device Cell Placement Summary for Global Clock g2
-----------------------------------------------------

+-----------+-----------------+-------------------+-------------------------------------------------------------------------------------------------------------------------------------------------------------------------------------------------------------------------------------------------------------------------------------------------------------------------------------------------------------------------------------------------------------+-------------+---------------+----------+-------------+----------+----------------+----------+--------------------------------------------------------------------------------------------------------+
| Global Id | Driver Type/Pin | Driver Region (D) | Clock                                                                                                                                                                                                                                                                                                                                                                                                       | Period (ns) | Waveform (ns) | Root (R) | Slice Loads | IO Loads | Clocking Loads | GT Loads | Net                                                                                                    |
+-----------+-----------------+-------------------+-------------------------------------------------------------------------------------------------------------------------------------------------------------------------------------------------------------------------------------------------------------------------------------------------------------------------------------------------------------------------------------------------------------+-------------+---------------+----------+-------------+----------+----------------+----------+--------------------------------------------------------------------------------------------------------+
| g2        | BUFG_GT/O       | X3Y2              | design_1_i/xdma_0/inst/pcie4_ip_i/inst/gt_top_i/diablo_gt.diablo_gt_phy_wrapper/gt_wizard.gtwizard_top_i/design_1_xdma_0_0_pcie4_ip_gt_i/inst/gen_gtwizard_gthe4_top.design_1_xdma_0_0_pcie4_ip_gt_gtwizard_gthe4_inst/gen_gtwizard_gthe4.gen_channel_container[2].gen_enabled_channel.gthe4_channel_wrapper_inst/channel_inst/gthe4_channel_gen.gen_gthe4_channel_inst[0].GTHE4_CHANNEL_PRIM_INST/TXOUTCLK |       4.000 | {0.000 2.000} | X2Y1     |         364 |        0 |              0 |        1 | design_1_i/xdma_0/inst/pcie4_ip_i/inst/gt_top_i/diablo_gt.diablo_gt_phy_wrapper/phy_clk_i/CLK_PCLK2_GT |
+-----------+-----------------+-------------------+-------------------------------------------------------------------------------------------------------------------------------------------------------------------------------------------------------------------------------------------------------------------------------------------------------------------------------------------------------------------------------------------------------------+-------------+---------------+----------+-------------+----------+----------------+----------+--------------------------------------------------------------------------------------------------------+
* Slice Loads column represents load cell count of all cell types other than IO, GT and clock resources
** IO Loads column represents load cell count of IO types
*** Clocking Loads column represents load cell count that are clock resources (global clock buffer, MMCM, PLL, etc)
**** GT Loads column represents load cell count of GT types


+----+----+----+-------+---------+
|    | X0 | X1 | X2    | X3      |
+----+----+----+-------+---------+
| Y7 |  0 |  0 |     0 |       0 |
| Y6 |  0 |  0 |     0 |       0 |
| Y5 |  0 |  0 |     0 |       0 |
| Y4 |  0 |  0 |     0 |       0 |
| Y3 |  0 |  0 |     0 |       0 |
| Y2 |  0 |  0 |     0 |  (D) 10 |
| Y1 |  0 |  0 | (R) 0 |     170 |
| Y0 |  0 |  0 |     0 |     185 |
+----+----+----+-------+---------+


11. Device Cell Placement Summary for Global Clock g3
-----------------------------------------------------

+-----------+-----------------+-------------------+------------------------------------------------------------------------------------------------------------------------------------------------------------------------------------------------------------------------------------------------------------------------------------------------------------------------------------------------------------------------------------------------------------------------------+-------------+---------------+----------+-------------+----------+----------------+----------+---------------------------------------------------------------------------------------------------------------------------------------------------------------------------------------------------------------------------------------------------------------------------------------------------------------------------------------------------------------------------------------------------------------+
| Global Id | Driver Type/Pin | Driver Region (D) | Clock                                                                                                                                                                                                                                                                                                                                                                                                                        | Period (ns) | Waveform (ns) | Root (R) | Slice Loads | IO Loads | Clocking Loads | GT Loads | Net                                                                                                                                                                                                                                                                                                                                                                                                           |
+-----------+-----------------+-------------------+------------------------------------------------------------------------------------------------------------------------------------------------------------------------------------------------------------------------------------------------------------------------------------------------------------------------------------------------------------------------------------------------------------------------------+-------------+---------------+----------+-------------+----------+----------------+----------+---------------------------------------------------------------------------------------------------------------------------------------------------------------------------------------------------------------------------------------------------------------------------------------------------------------------------------------------------------------------------------------------------------------+
| g3        | BUFG_GT/O       | X3Y2              | design_1_i/xdma_0/inst/pcie4_ip_i/inst/gt_top_i/diablo_gt.diablo_gt_phy_wrapper/gt_wizard.gtwizard_top_i/design_1_xdma_0_0_pcie4_ip_gt_i/inst/gen_gtwizard_gthe4_top.design_1_xdma_0_0_pcie4_ip_gt_gtwizard_gthe4_inst/gen_gtwizard_gthe4.gen_cpll_cal_gthe4.gen_cpll_cal_inst[0].gen_inst_cpll_cal.gtwizard_ultrascale_v1_7_8_gthe4_cpll_cal_inst/gtwizard_ultrascale_v1_7_8_gthe4_cpll_cal_tx_i/bufg_gt_txoutclkmon_inst/O |       8.000 | {0.000 4.000} | X3Y2     |          31 |        0 |              0 |        0 | design_1_i/xdma_0/inst/pcie4_ip_i/inst/gt_top_i/diablo_gt.diablo_gt_phy_wrapper/gt_wizard.gtwizard_top_i/design_1_xdma_0_0_pcie4_ip_gt_i/inst/gen_gtwizard_gthe4_top.design_1_xdma_0_0_pcie4_ip_gt_gtwizard_gthe4_inst/gen_gtwizard_gthe4.gen_cpll_cal_gthe4.gen_cpll_cal_inst[0].gen_inst_cpll_cal.gtwizard_ultrascale_v1_7_8_gthe4_cpll_cal_inst/gtwizard_ultrascale_v1_7_8_gthe4_cpll_cal_tx_i/txoutclkmon |
+-----------+-----------------+-------------------+------------------------------------------------------------------------------------------------------------------------------------------------------------------------------------------------------------------------------------------------------------------------------------------------------------------------------------------------------------------------------------------------------------------------------+-------------+---------------+----------+-------------+----------+----------------+----------+---------------------------------------------------------------------------------------------------------------------------------------------------------------------------------------------------------------------------------------------------------------------------------------------------------------------------------------------------------------------------------------------------------------+
* Slice Loads column represents load cell count of all cell types other than IO, GT and clock resources
** IO Loads column represents load cell count of IO types
*** Clocking Loads column represents load cell count that are clock resources (global clock buffer, MMCM, PLL, etc)
**** GT Loads column represents load cell count of GT types


+----+----+----+----+------------+
|    | X0 | X1 | X2 | X3         |
+----+----+----+----+------------+
| Y7 |  0 |  0 |  0 |          0 |
| Y6 |  0 |  0 |  0 |          0 |
| Y5 |  0 |  0 |  0 |          0 |
| Y4 |  0 |  0 |  0 |          0 |
| Y3 |  0 |  0 |  0 |          0 |
| Y2 |  0 |  0 |  0 | (R) (D) 31 |
| Y1 |  0 |  0 |  0 |          0 |
| Y0 |  0 |  0 |  0 |          0 |
+----+----+----+----+------------+


12. Device Cell Placement Summary for Global Clock g4
-----------------------------------------------------

+-----------+-----------------+-------------------+------------------------------------------------------------------------------------------------------------+-------------+-----------------+----------+-------------+----------+----------------+----------+------------------------------------------------------------------------------------------------------+
| Global Id | Driver Type/Pin | Driver Region (D) | Clock                                                                                                      | Period (ns) | Waveform (ns)   | Root (R) | Slice Loads | IO Loads | Clocking Loads | GT Loads | Net                                                                                                  |
+-----------+-----------------+-------------------+------------------------------------------------------------------------------------------------------------+-------------+-----------------+----------+-------------+----------+----------------+----------+------------------------------------------------------------------------------------------------------+
| g4        | BUFG_GT/O       | X3Y2              | design_1_i/xdma_0/inst/pcie4_ip_i/inst/gt_top_i/diablo_gt.diablo_gt_phy_wrapper/phy_clk_i/bufg_gt_intclk/O |    1000.000 | {0.000 500.000} | X3Y1     |          13 |        0 |              0 |        0 | design_1_i/xdma_0/inst/pcie4_ip_i/inst/gt_top_i/diablo_gt.diablo_gt_phy_wrapper/phy_clk_i/CLK_INTCLK |
+-----------+-----------------+-------------------+------------------------------------------------------------------------------------------------------------+-------------+-----------------+----------+-------------+----------+----------------+----------+------------------------------------------------------------------------------------------------------+
* Slice Loads column represents load cell count of all cell types other than IO, GT and clock resources
** IO Loads column represents load cell count of IO types
*** Clocking Loads column represents load cell count that are clock resources (global clock buffer, MMCM, PLL, etc)
**** GT Loads column represents load cell count of GT types


+----+----+----+----+--------+
|    | X0 | X1 | X2 | X3     |
+----+----+----+----+--------+
| Y7 |  0 |  0 |  0 |      0 |
| Y6 |  0 |  0 |  0 |      0 |
| Y5 |  0 |  0 |  0 |      0 |
| Y4 |  0 |  0 |  0 |      0 |
| Y3 |  0 |  0 |  0 |      0 |
| Y2 |  0 |  0 |  0 |  (D) 5 |
| Y1 |  0 |  0 |  0 |  (R) 8 |
| Y0 |  0 |  0 |  0 |      0 |
+----+----+----+----+--------+


13. Device Cell Placement Summary for Global Clock g5
-----------------------------------------------------

+-----------+-----------------+-------------------+-------+-------------+---------------+----------+-------------+----------+----------------+----------+---------------------------------------------------------+
| Global Id | Driver Type/Pin | Driver Region (D) | Clock | Period (ns) | Waveform (ns) | Root (R) | Slice Loads | IO Loads | Clocking Loads | GT Loads | Net                                                     |
+-----------+-----------------+-------------------+-------+-------------+---------------+----------+-------------+----------+----------------+----------+---------------------------------------------------------+
| g5        | BUFG_GT/O       | X3Y2              |       |             |               | X3Y1     |         480 |        0 |              0 |        2 | design_1_i/xdma_0/inst/pcie4_ip_i/inst/ext_ch_gt_drpclk |
+-----------+-----------------+-------------------+-------+-------------+---------------+----------+-------------+----------+----------------+----------+---------------------------------------------------------+
* Slice Loads column represents load cell count of all cell types other than IO, GT and clock resources
** IO Loads column represents load cell count of IO types
*** Clocking Loads column represents load cell count that are clock resources (global clock buffer, MMCM, PLL, etc)
**** GT Loads column represents load cell count of GT types


+----+----+----+----+----------+
|    | X0 | X1 | X2 | X3       |
+----+----+----+----+----------+
| Y7 |  0 |  0 |  0 |        0 |
| Y6 |  0 |  0 |  0 |        0 |
| Y5 |  0 |  0 |  0 |        0 |
| Y4 |  0 |  0 |  0 |        0 |
| Y3 |  0 |  0 |  0 |        0 |
| Y2 |  0 |  0 |  0 |  (D) 452 |
| Y1 |  0 |  0 |  0 |   (R) 30 |
| Y0 |  0 |  0 |  0 |        0 |
+----+----+----+----+----------+


14. Device Cell Placement Summary for Global Clock g6
-----------------------------------------------------

+-----------+-----------------+-------------------+-------+-------------+---------------+----------+-------------+----------+----------------+----------+---------------------------------------------------+
| Global Id | Driver Type/Pin | Driver Region (D) | Clock | Period (ns) | Waveform (ns) | Root (R) | Slice Loads | IO Loads | Clocking Loads | GT Loads | Net                                               |
+-----------+-----------------+-------------------+-------+-------------+---------------+----------+-------------+----------+----------------+----------+---------------------------------------------------+
| g6        | BUFGCE/O        | X2Y1              |       |             |               | X2Y1     |        3821 |        0 |              0 |        0 | design_1_i/xdma_0/inst/pcie4_ip_i/inst/user_reset |
+-----------+-----------------+-------------------+-------+-------------+---------------+----------+-------------+----------+----------------+----------+---------------------------------------------------+
* Slice Loads column represents load cell count of all cell types other than IO, GT and clock resources
** IO Loads column represents load cell count of IO types
*** Clocking Loads column represents load cell count that are clock resources (global clock buffer, MMCM, PLL, etc)
**** GT Loads column represents load cell count of GT types


+----+----+-------+-------------+----+
|    | X0 | X1    | X2          | X3 |
+----+----+-------+-------------+----+
| Y7 |  0 |     0 |           0 |  0 |
| Y6 |  0 |     0 |           0 |  0 |
| Y5 |  0 |     0 |           0 |  0 |
| Y4 |  0 |     0 |           0 |  0 |
| Y3 |  0 |     0 |           0 |  0 |
| Y2 |  0 |   371 |         127 |  0 |
| Y1 |  0 |   948 | (R) (D) 901 |  8 |
| Y0 |  0 |  1301 |         160 |  5 |
+----+----+-------+-------------+----+


15. Clock Region Cell Placement per Global Clock: Region X1Y0
-------------------------------------------------------------

+-----------+-------+-----------------+------------+-------------+-----------------+------+--------+------+------+-----+----+------+-----+---------+-------------------------------------------------------------------------------------------------------+
| Global Id | Track | Driver Type/Pin | Constraint | Clock Loads | Non-Clock Loads | FF   | LUTRAM | RAMB | URAM | DSP | GT | MMCM | PLL | Hard IP | Net                                                                                                   |
+-----------+-------+-----------------+------------+-------------+-----------------+------+--------+------+------+-----+----+------+-----+---------+-------------------------------------------------------------------------------------------------------+
| g0        | 15    | BUFG_GT/O       | None       |        3850 |               0 | 3733 |    113 |    4 |    0 |   0 |  0 |    0 |   0 |       0 | design_1_i/xdma_0/inst/pcie4_ip_i/inst/gt_top_i/diablo_gt.diablo_gt_phy_wrapper/phy_clk_i/CLK_USERCLK |
| g1        | 21    | BUFG_GT/O       | None       |           2 |               0 |    0 |      0 |    2 |    0 |   0 |  0 |    0 |   0 |       0 | design_1_i/xdma_0/inst/pcie4_ip_i/inst/gt_top_i/diablo_gt.diablo_gt_phy_wrapper/phy_clk_i/CLK_CORECLK |
| g6        | 20    | BUFGCE/O        | None       |           0 |            1301 | 1301 |      0 |    0 |    0 |   0 |  0 |    0 |   0 |       0 | design_1_i/xdma_0/inst/pcie4_ip_i/inst/user_reset                                                     |
+-----------+-------+-----------------+------------+-------------+-----------------+------+--------+------+------+-----+----+------+-----+---------+-------------------------------------------------------------------------------------------------------+
* Clock Loads column represents the clock pin loads (pin count)
** Non-Clock Loads column represents the non-clock pin loads (pin count)
*** Columns FF, LUTRAM, RAMB through 'Hard IP' represents load cell counts


16. Clock Region Cell Placement per Global Clock: Region X2Y0
-------------------------------------------------------------

+-----------+-------+-----------------+------------+-------------+-----------------+------+--------+------+------+-----+----+------+-----+---------+--------------------------------------------------------------------------------------------------------+
| Global Id | Track | Driver Type/Pin | Constraint | Clock Loads | Non-Clock Loads | FF   | LUTRAM | RAMB | URAM | DSP | GT | MMCM | PLL | Hard IP | Net                                                                                                    |
+-----------+-------+-----------------+------------+-------------+-----------------+------+--------+------+------+-----+----+------+-----+---------+--------------------------------------------------------------------------------------------------------+
| g0        | 15    | BUFG_GT/O       | None       |        4680 |               0 | 4620 |     59 |    1 |    0 |   0 |  0 |    0 |   0 |       0 | design_1_i/xdma_0/inst/pcie4_ip_i/inst/gt_top_i/diablo_gt.diablo_gt_phy_wrapper/phy_clk_i/CLK_USERCLK  |
| g1        | 21    | BUFG_GT/O       | None       |          18 |               0 |   16 |      0 |    2 |    0 |   0 |  0 |    0 |   0 |       0 | design_1_i/xdma_0/inst/pcie4_ip_i/inst/gt_top_i/diablo_gt.diablo_gt_phy_wrapper/phy_clk_i/CLK_CORECLK  |
| g2+       | 14    | BUFG_GT/O       | None       |           0 |               0 |    0 |      0 |    0 |    0 |   0 |  0 |    0 |   0 |       0 | design_1_i/xdma_0/inst/pcie4_ip_i/inst/gt_top_i/diablo_gt.diablo_gt_phy_wrapper/phy_clk_i/CLK_PCLK2_GT |
| g6        | 20    | BUFGCE/O        | None       |           0 |             160 |  160 |      0 |    0 |    0 |   0 |  0 |    0 |   0 |       0 | design_1_i/xdma_0/inst/pcie4_ip_i/inst/user_reset                                                      |
+-----------+-------+-----------------+------------+-------------+-----------------+------+--------+------+------+-----+----+------+-----+---------+--------------------------------------------------------------------------------------------------------+
* Clock Loads column represents the clock pin loads (pin count)
** Non-Clock Loads column represents the non-clock pin loads (pin count)
*** Columns FF, LUTRAM, RAMB through 'Hard IP' represents load cell counts
**** In Global Id column, sympbol '+' indicates that global clock was used only to route through the clock region.


17. Clock Region Cell Placement per Global Clock: Region X3Y0
-------------------------------------------------------------

+-----------+-------+-----------------+------------+-------------+-----------------+------+--------+------+------+-----+----+------+-----+---------+--------------------------------------------------------------------------------------------------------+
| Global Id | Track | Driver Type/Pin | Constraint | Clock Loads | Non-Clock Loads | FF   | LUTRAM | RAMB | URAM | DSP | GT | MMCM | PLL | Hard IP | Net                                                                                                    |
+-----------+-------+-----------------+------------+-------------+-----------------+------+--------+------+------+-----+----+------+-----+---------+--------------------------------------------------------------------------------------------------------+
| g0        | 15    | BUFG_GT/O       | None       |        1755 |               0 | 1751 |      2 |    1 |    0 |   0 |  0 |    0 |   0 |       1 | design_1_i/xdma_0/inst/pcie4_ip_i/inst/gt_top_i/diablo_gt.diablo_gt_phy_wrapper/phy_clk_i/CLK_USERCLK  |
| g1        | 21    | BUFG_GT/O       | None       |        1750 |               0 | 1735 |      0 |   14 |    0 |   0 |  0 |    0 |   0 |       1 | design_1_i/xdma_0/inst/pcie4_ip_i/inst/gt_top_i/diablo_gt.diablo_gt_phy_wrapper/phy_clk_i/CLK_CORECLK  |
| g2        | 14    | BUFG_GT/O       | None       |         185 |               0 |  184 |      0 |    0 |    0 |   0 |  0 |    0 |   0 |       1 | design_1_i/xdma_0/inst/pcie4_ip_i/inst/gt_top_i/diablo_gt.diablo_gt_phy_wrapper/phy_clk_i/CLK_PCLK2_GT |
| g6        | 20    | BUFGCE/O        | None       |           0 |               5 |    5 |      0 |    0 |    0 |   0 |  0 |    0 |   0 |       0 | design_1_i/xdma_0/inst/pcie4_ip_i/inst/user_reset                                                      |
+-----------+-------+-----------------+------------+-------------+-----------------+------+--------+------+------+-----+----+------+-----+---------+--------------------------------------------------------------------------------------------------------+
* Clock Loads column represents the clock pin loads (pin count)
** Non-Clock Loads column represents the non-clock pin loads (pin count)
*** Columns FF, LUTRAM, RAMB through 'Hard IP' represents load cell counts


18. Clock Region Cell Placement per Global Clock: Region X1Y1
-------------------------------------------------------------

+-----------+-------+-----------------+------------+-------------+-----------------+------+--------+------+------+-----+----+------+-----+---------+-------------------------------------------------------------------------------------------------------+
| Global Id | Track | Driver Type/Pin | Constraint | Clock Loads | Non-Clock Loads | FF   | LUTRAM | RAMB | URAM | DSP | GT | MMCM | PLL | Hard IP | Net                                                                                                   |
+-----------+-------+-----------------+------------+-------------+-----------------+------+--------+------+------+-----+----+------+-----+---------+-------------------------------------------------------------------------------------------------------+
| g0        | 15    | BUFG_GT/O       | None       |        6866 |               0 | 6630 |    236 |    0 |    0 |   0 |  0 |    0 |   0 |       0 | design_1_i/xdma_0/inst/pcie4_ip_i/inst/gt_top_i/diablo_gt.diablo_gt_phy_wrapper/phy_clk_i/CLK_USERCLK |
| g6        | 20    | BUFGCE/O        | None       |           0 |             948 |  948 |      0 |    0 |    0 |   0 |  0 |    0 |   0 |       0 | design_1_i/xdma_0/inst/pcie4_ip_i/inst/user_reset                                                     |
+-----------+-------+-----------------+------------+-------------+-----------------+------+--------+------+------+-----+----+------+-----+---------+-------------------------------------------------------------------------------------------------------+
* Clock Loads column represents the clock pin loads (pin count)
** Non-Clock Loads column represents the non-clock pin loads (pin count)
*** Columns FF, LUTRAM, RAMB through 'Hard IP' represents load cell counts


19. Clock Region Cell Placement per Global Clock: Region X2Y1
-------------------------------------------------------------

+-----------+-------+-----------------+------------+-------------+-----------------+------+--------+------+------+-----+----+------+-----+---------+--------------------------------------------------------------------------------------------------------+
| Global Id | Track | Driver Type/Pin | Constraint | Clock Loads | Non-Clock Loads | FF   | LUTRAM | RAMB | URAM | DSP | GT | MMCM | PLL | Hard IP | Net                                                                                                    |
+-----------+-------+-----------------+------------+-------------+-----------------+------+--------+------+------+-----+----+------+-----+---------+--------------------------------------------------------------------------------------------------------+
| g0        | 15    | BUFG_GT/O       | None       |        4553 |               0 | 4543 |      6 |    4 |    0 |   0 |  0 |    0 |   0 |       0 | design_1_i/xdma_0/inst/pcie4_ip_i/inst/gt_top_i/diablo_gt.diablo_gt_phy_wrapper/phy_clk_i/CLK_USERCLK  |
| g1+       | 21    | BUFG_GT/O       | None       |           0 |               0 |    0 |      0 |    0 |    0 |   0 |  0 |    0 |   0 |       0 | design_1_i/xdma_0/inst/pcie4_ip_i/inst/gt_top_i/diablo_gt.diablo_gt_phy_wrapper/phy_clk_i/CLK_CORECLK  |
| g2+       | 14    | BUFG_GT/O       | None       |           0 |               0 |    0 |      0 |    0 |    0 |   0 |  0 |    0 |   0 |       0 | design_1_i/xdma_0/inst/pcie4_ip_i/inst/gt_top_i/diablo_gt.diablo_gt_phy_wrapper/phy_clk_i/CLK_PCLK2_GT |
| g6        | 20    | BUFGCE/O        | None       |           0 |             901 |  901 |      0 |    0 |    0 |   0 |  0 |    0 |   0 |       0 | design_1_i/xdma_0/inst/pcie4_ip_i/inst/user_reset                                                      |
+-----------+-------+-----------------+------------+-------------+-----------------+------+--------+------+------+-----+----+------+-----+---------+--------------------------------------------------------------------------------------------------------+
* Clock Loads column represents the clock pin loads (pin count)
** Non-Clock Loads column represents the non-clock pin loads (pin count)
*** Columns FF, LUTRAM, RAMB through 'Hard IP' represents load cell counts
**** In Global Id column, sympbol '+' indicates that global clock was used only to route through the clock region.


20. Clock Region Cell Placement per Global Clock: Region X3Y1
-------------------------------------------------------------

+-----------+-------+-----------------+------------+-------------+-----------------+-----+--------+------+------+-----+----+------+-----+---------+--------------------------------------------------------------------------------------------------------+
| Global Id | Track | Driver Type/Pin | Constraint | Clock Loads | Non-Clock Loads | FF  | LUTRAM | RAMB | URAM | DSP | GT | MMCM | PLL | Hard IP | Net                                                                                                    |
+-----------+-------+-----------------+------------+-------------+-----------------+-----+--------+------+------+-----+----+------+-----+---------+--------------------------------------------------------------------------------------------------------+
| g0        | 15    | BUFG_GT/O       | None       |         218 |               0 | 218 |      0 |    0 |    0 |   0 |  0 |    0 |   0 |       0 | design_1_i/xdma_0/inst/pcie4_ip_i/inst/gt_top_i/diablo_gt.diablo_gt_phy_wrapper/phy_clk_i/CLK_USERCLK  |
| g1        | 21    | BUFG_GT/O       | None       |         168 |               0 | 164 |      0 |    4 |    0 |   0 |  0 |    0 |   0 |       0 | design_1_i/xdma_0/inst/pcie4_ip_i/inst/gt_top_i/diablo_gt.diablo_gt_phy_wrapper/phy_clk_i/CLK_CORECLK  |
| g5        | 22    | BUFG_GT/O       | None       |          30 |               0 |  30 |      0 |    0 |    0 |   0 |  0 |    0 |   0 |       0 | design_1_i/xdma_0/inst/pcie4_ip_i/inst/ext_ch_gt_drpclk                                                |
| g2        | 14    | BUFG_GT/O       | None       |         170 |               0 | 170 |      0 |    0 |    0 |   0 |  0 |    0 |   0 |       0 | design_1_i/xdma_0/inst/pcie4_ip_i/inst/gt_top_i/diablo_gt.diablo_gt_phy_wrapper/phy_clk_i/CLK_PCLK2_GT |
| g4        | 3     | BUFG_GT/O       | None       |           8 |               0 |   8 |      0 |    0 |    0 |   0 |  0 |    0 |   0 |       0 | design_1_i/xdma_0/inst/pcie4_ip_i/inst/gt_top_i/diablo_gt.diablo_gt_phy_wrapper/phy_clk_i/CLK_INTCLK   |
| g6        | 20    | BUFGCE/O        | None       |           0 |               8 |   8 |      0 |    0 |    0 |   0 |  0 |    0 |   0 |       0 | design_1_i/xdma_0/inst/pcie4_ip_i/inst/user_reset                                                      |
+-----------+-------+-----------------+------------+-------------+-----------------+-----+--------+------+------+-----+----+------+-----+---------+--------------------------------------------------------------------------------------------------------+
* Clock Loads column represents the clock pin loads (pin count)
** Non-Clock Loads column represents the non-clock pin loads (pin count)
*** Columns FF, LUTRAM, RAMB through 'Hard IP' represents load cell counts


21. Clock Region Cell Placement per Global Clock: Region X1Y2
-------------------------------------------------------------

+-----------+-------+-----------------+------------+-------------+-----------------+------+--------+------+------+-----+----+------+-----+---------+-------------------------------------------------------------------------------------------------------+
| Global Id | Track | Driver Type/Pin | Constraint | Clock Loads | Non-Clock Loads | FF   | LUTRAM | RAMB | URAM | DSP | GT | MMCM | PLL | Hard IP | Net                                                                                                   |
+-----------+-------+-----------------+------------+-------------+-----------------+------+--------+------+------+-----+----+------+-----+---------+-------------------------------------------------------------------------------------------------------+
| g0        | 15    | BUFG_GT/O       | None       |        1505 |               0 | 1489 |     16 |    0 |    0 |   0 |  0 |    0 |   0 |       0 | design_1_i/xdma_0/inst/pcie4_ip_i/inst/gt_top_i/diablo_gt.diablo_gt_phy_wrapper/phy_clk_i/CLK_USERCLK |
| g6        | 20    | BUFGCE/O        | None       |           0 |             371 |  371 |      0 |    0 |    0 |   0 |  0 |    0 |   0 |       0 | design_1_i/xdma_0/inst/pcie4_ip_i/inst/user_reset                                                     |
+-----------+-------+-----------------+------------+-------------+-----------------+------+--------+------+------+-----+----+------+-----+---------+-------------------------------------------------------------------------------------------------------+
* Clock Loads column represents the clock pin loads (pin count)
** Non-Clock Loads column represents the non-clock pin loads (pin count)
*** Columns FF, LUTRAM, RAMB through 'Hard IP' represents load cell counts


22. Clock Region Cell Placement per Global Clock: Region X2Y2
-------------------------------------------------------------

+-----------+-------+-----------------+------------+-------------+-----------------+-----+--------+------+------+-----+----+------+-----+---------+--------------------------------------------------------------------------------------------------------+
| Global Id | Track | Driver Type/Pin | Constraint | Clock Loads | Non-Clock Loads | FF  | LUTRAM | RAMB | URAM | DSP | GT | MMCM | PLL | Hard IP | Net                                                                                                    |
+-----------+-------+-----------------+------------+-------------+-----------------+-----+--------+------+------+-----+----+------+-----+---------+--------------------------------------------------------------------------------------------------------+
| g0        | 15    | BUFG_GT/O       | None       |         328 |               0 | 328 |      0 |    0 |    0 |   0 |  0 |    0 |   0 |       0 | design_1_i/xdma_0/inst/pcie4_ip_i/inst/gt_top_i/diablo_gt.diablo_gt_phy_wrapper/phy_clk_i/CLK_USERCLK  |
| g1+       | 21    | BUFG_GT/O       | None       |           0 |               0 |   0 |      0 |    0 |    0 |   0 |  0 |    0 |   0 |       0 | design_1_i/xdma_0/inst/pcie4_ip_i/inst/gt_top_i/diablo_gt.diablo_gt_phy_wrapper/phy_clk_i/CLK_CORECLK  |
| g2+       | 14    | BUFG_GT/O       | None       |           0 |               0 |   0 |      0 |    0 |    0 |   0 |  0 |    0 |   0 |       0 | design_1_i/xdma_0/inst/pcie4_ip_i/inst/gt_top_i/diablo_gt.diablo_gt_phy_wrapper/phy_clk_i/CLK_PCLK2_GT |
| g6        | 20    | BUFGCE/O        | None       |           0 |             127 | 127 |      0 |    0 |    0 |   0 |  0 |    0 |   0 |       0 | design_1_i/xdma_0/inst/pcie4_ip_i/inst/user_reset                                                      |
+-----------+-------+-----------------+------------+-------------+-----------------+-----+--------+------+------+-----+----+------+-----+---------+--------------------------------------------------------------------------------------------------------+
* Clock Loads column represents the clock pin loads (pin count)
** Non-Clock Loads column represents the non-clock pin loads (pin count)
*** Columns FF, LUTRAM, RAMB through 'Hard IP' represents load cell counts
**** In Global Id column, sympbol '+' indicates that global clock was used only to route through the clock region.


23. Clock Region Cell Placement per Global Clock: Region X3Y2
-------------------------------------------------------------

+-----------+-------+-----------------+------------+-------------+-----------------+-----+--------+------+------+-----+----+------+-----+---------+---------------------------------------------------------------------------------------------------------------------------------------------------------------------------------------------------------------------------------------------------------------------------------------------------------------------------------------------------------------------------------------------------------------+
| Global Id | Track | Driver Type/Pin | Constraint | Clock Loads | Non-Clock Loads | FF  | LUTRAM | RAMB | URAM | DSP | GT | MMCM | PLL | Hard IP | Net                                                                                                                                                                                                                                                                                                                                                                                                           |
+-----------+-------+-----------------+------------+-------------+-----------------+-----+--------+------+------+-----+----+------+-----+---------+---------------------------------------------------------------------------------------------------------------------------------------------------------------------------------------------------------------------------------------------------------------------------------------------------------------------------------------------------------------------------------------------------------------+
| g0+       | 15    | BUFG_GT/O       | None       |           0 |               0 |   0 |      0 |    0 |    0 |   0 |  0 |    0 |   0 |       0 | design_1_i/xdma_0/inst/pcie4_ip_i/inst/gt_top_i/diablo_gt.diablo_gt_phy_wrapper/phy_clk_i/CLK_USERCLK                                                                                                                                                                                                                                                                                                         |
| g1+       | 21    | BUFG_GT/O       | None       |           0 |               0 |   0 |      0 |    0 |    0 |   0 |  0 |    0 |   0 |       0 | design_1_i/xdma_0/inst/pcie4_ip_i/inst/gt_top_i/diablo_gt.diablo_gt_phy_wrapper/phy_clk_i/CLK_CORECLK                                                                                                                                                                                                                                                                                                         |
| g5        | 22    | BUFG_GT/O       | None       |         452 |               0 | 442 |      8 |    0 |    0 |   0 |  1 |    0 |   0 |       0 | design_1_i/xdma_0/inst/pcie4_ip_i/inst/ext_ch_gt_drpclk                                                                                                                                                                                                                                                                                                                                                       |
| g2        | 14    | BUFG_GT/O       | None       |          10 |               0 |   9 |      0 |    0 |    0 |   0 |  1 |    0 |   0 |       0 | design_1_i/xdma_0/inst/pcie4_ip_i/inst/gt_top_i/diablo_gt.diablo_gt_phy_wrapper/phy_clk_i/CLK_PCLK2_GT                                                                                                                                                                                                                                                                                                        |
| g3        | 11    | BUFG_GT/O       | None       |          31 |               0 |  31 |      0 |    0 |    0 |   0 |  0 |    0 |   0 |       0 | design_1_i/xdma_0/inst/pcie4_ip_i/inst/gt_top_i/diablo_gt.diablo_gt_phy_wrapper/gt_wizard.gtwizard_top_i/design_1_xdma_0_0_pcie4_ip_gt_i/inst/gen_gtwizard_gthe4_top.design_1_xdma_0_0_pcie4_ip_gt_gtwizard_gthe4_inst/gen_gtwizard_gthe4.gen_cpll_cal_gthe4.gen_cpll_cal_inst[0].gen_inst_cpll_cal.gtwizard_ultrascale_v1_7_8_gthe4_cpll_cal_inst/gtwizard_ultrascale_v1_7_8_gthe4_cpll_cal_tx_i/txoutclkmon |
| g4        | 3     | BUFG_GT/O       | None       |           5 |               0 |   5 |      0 |    0 |    0 |   0 |  0 |    0 |   0 |       0 | design_1_i/xdma_0/inst/pcie4_ip_i/inst/gt_top_i/diablo_gt.diablo_gt_phy_wrapper/phy_clk_i/CLK_INTCLK                                                                                                                                                                                                                                                                                                          |
+-----------+-------+-----------------+------------+-------------+-----------------+-----+--------+------+------+-----+----+------+-----+---------+---------------------------------------------------------------------------------------------------------------------------------------------------------------------------------------------------------------------------------------------------------------------------------------------------------------------------------------------------------------------------------------------------------------+
* Clock Loads column represents the clock pin loads (pin count)
** Non-Clock Loads column represents the non-clock pin loads (pin count)
*** Columns FF, LUTRAM, RAMB through 'Hard IP' represents load cell counts
**** In Global Id column, sympbol '+' indicates that global clock was used only to route through the clock region.


